  main.cpp
  point.cpp
  reader.cpp
  triangle.cpp
  triangulation.cpp
  writer.cpp
C:\Users\Abhishek Suryawanshi\source\repos\Translator\Translator\Source File\writer.cpp(18,45): warning C4244: 'argument': conversion from 'const double' to 'const unsigned __int64', possible loss of data
C:\Users\Abhishek Suryawanshi\source\repos\Translator\Translator\Source File\writer.cpp(18,84): warning C4244: 'argument': conversion from 'const double' to 'const unsigned __int64', possible loss of data
C:\Users\Abhishek Suryawanshi\source\repos\Translator\Translator\Source File\writer.cpp(18,123): warning C4244: 'argument': conversion from 'const double' to 'const unsigned __int64', possible loss of data
C:\Users\Abhishek Suryawanshi\source\repos\Translator\Translator\Source File\writer.cpp(19,45): warning C4244: 'argument': conversion from 'const double' to 'const unsigned __int64', possible loss of data
C:\Users\Abhishek Suryawanshi\source\repos\Translator\Translator\Source File\writer.cpp(19,84): warning C4244: 'argument': conversion from 'const double' to 'const unsigned __int64', possible loss of data
C:\Users\Abhishek Suryawanshi\source\repos\Translator\Translator\Source File\writer.cpp(19,123): warning C4244: 'argument': conversion from 'const double' to 'const unsigned __int64', possible loss of data
C:\Users\Abhishek Suryawanshi\source\repos\Translator\Translator\Source File\writer.cpp(20,45): warning C4244: 'argument': conversion from 'const double' to 'const unsigned __int64', possible loss of data
C:\Users\Abhishek Suryawanshi\source\repos\Translator\Translator\Source File\writer.cpp(20,84): warning C4244: 'argument': conversion from 'const double' to 'const unsigned __int64', possible loss of data
C:\Users\Abhishek Suryawanshi\source\repos\Translator\Translator\Source File\writer.cpp(20,123): warning C4244: 'argument': conversion from 'const double' to 'const unsigned __int64', possible loss of data
C:\Users\Abhishek Suryawanshi\source\repos\Translator\Translator\Source File\writer.cpp(21,45): warning C4244: 'argument': conversion from 'const double' to 'const unsigned __int64', possible loss of data
C:\Users\Abhishek Suryawanshi\source\repos\Translator\Translator\Source File\writer.cpp(21,84): warning C4244: 'argument': conversion from 'const double' to 'const unsigned __int64', possible loss of data
C:\Users\Abhishek Suryawanshi\source\repos\Translator\Translator\Source File\writer.cpp(21,123): warning C4244: 'argument': conversion from 'const double' to 'const unsigned __int64', possible loss of data
  Generating Code...
  Translator.vcxproj -> C:\Users\Abhishek Suryawanshi\source\repos\Translator\Translator\x64\Debug\Translator.exe
